<?xml version="1.0" encoding="UTF-8"?>
<!-- Generated by org.testng.reporters.JUnitReportReporter -->
<testsuite skipped="0" hostname="AS-40" name="ApiTestCases.Post_AddUserTest" tests="4" failures="0" timestamp="2023-03-30T03:57:03 EET" time="1.223" errors="0">
  <testcase name="Post_UserTest" time="1.212" classname="ApiTestCases.Post_AddUserTest"/>
  <system-out/>
  <testcase name="get_UserId_Test" time="0.001" classname="ApiTestCases.Post_AddUserTest"/>
  <system-out/>
  <testcase name="Validate_Response_Code_201_Test" time="0.006" classname="ApiTestCases.Post_AddUserTest"/>
  <system-out/>
  <testcase name="Validate_Created_FristName_Test" time="0.004" classname="ApiTestCases.Post_AddUserTest"/>
  <system-out/>
</testsuite> <!-- ApiTestCases.Post_AddUserTest -->
