<?xml version="1.0" encoding="UTF-8"?>
<!-- Generated by org.testng.reporters.JUnitReportReporter -->
<testsuite skipped="0" hostname="AS-40" name="ApiTestCases.Post_LoginTest" tests="2" failures="0" timestamp="2023-03-29T09:50:38 EET" time="7.169" errors="0">
  <testcase name="LoginTest" time="6.934" classname="ApiTestCases.Post_LoginTest"/>
  <system-out/>
  <testcase name="baseTest" time="0.235" classname="ApiTestCases.Post_LoginTest"/>
  <system-out/>
</testsuite> <!-- ApiTestCases.Post_LoginTest -->
