<?xml version="1.0" encoding="UTF-8"?>
<!-- Generated by org.testng.reporters.JUnitReportReporter -->
<testsuite skipped="0" hostname="AS-40" name="ApiTestCases.Post_ValidateOTPMessageTest" tests="2" failures="0" timestamp="2023-03-29T09:50:38 EET" time="0.834" errors="0">
  <testcase name="Post_TokenaccessTest" time="0.833" classname="ApiTestCases.Post_ValidateOTPMessageTest"/>
  <system-out/>
  <testcase name="baseTest" time="0.001" classname="ApiTestCases.Post_ValidateOTPMessageTest"/>
  <system-out/>
</testsuite> <!-- ApiTestCases.Post_ValidateOTPMessageTest -->
