<?xml version="1.0" encoding="UTF-8"?>
<!-- Generated by org.testng.reporters.JUnitReportReporter -->
<testsuite skipped="0" hostname="AS-40" name="baseTest.BaseTest" tests="1" failures="0" timestamp="2022-06-05T04:08:11 EET" time="0.208" errors="0">
  <testcase name="baseTest" time="0.208" classname="baseTest.BaseTest"/>
  <system-out/>
</testsuite> <!-- baseTest.BaseTest -->
