<?xml version="1.0" encoding="UTF-8"?>
<!-- Generated by org.testng.reporters.JUnitReportReporter -->
<testsuite hostname="AS-40" failures="0" tests="1" name="ApiTestCases.Post_ValidateOTPMessageTest" time="1.569" errors="0" timestamp="2023-03-29T11:31:49 EET" skipped="0">
  <testcase classname="ApiTestCases.Post_ValidateOTPMessageTest" name="Post_TokenaccessTest" time="1.569"/>
  <system-out/>
</testsuite> <!-- ApiTestCases.Post_ValidateOTPMessageTest -->
