<?xml version="1.0" encoding="UTF-8"?>
<!-- Generated by org.testng.reporters.JUnitReportReporter -->
<testsuite hostname="AS-40" failures="0" tests="1" name="ApiTestCases.Get_UserProfile" time="1.628" errors="0" timestamp="2023-03-29T11:31:49 EET" skipped="0">
  <testcase classname="ApiTestCases.Get_UserProfile" name="getUserProfile" time="1.628"/>
  <system-out/>
</testsuite> <!-- ApiTestCases.Get_UserProfile -->
