<?xml version="1.0" encoding="UTF-8"?>
<!-- Generated by org.testng.reporters.JUnitReportReporter -->
<testsuite skipped="0" hostname="AS-40" name="ApiTestCases.Get_UserOTPMessage" tests="2" failures="0" timestamp="2023-03-29T09:50:38 EET" time="0.142" errors="0">
  <testcase name="GetUserOTPMessage" time="0.141" classname="ApiTestCases.Get_UserOTPMessage"/>
  <system-out/>
  <testcase name="baseTest" time="0.001" classname="ApiTestCases.Get_UserOTPMessage"/>
  <system-out/>
</testsuite> <!-- ApiTestCases.Get_UserOTPMessage -->
