<?xml version="1.0" encoding="UTF-8"?>
<!-- Generated by org.testng.reporters.JUnitReportReporter -->
<testsuite hostname="AS-40" failures="0" tests="4" name="ApiTestCases.Post_AddUserTest" time="1.283" errors="0" timestamp="2023-03-30T03:13:14 EET" skipped="0">
  <testcase classname="ApiTestCases.Post_AddUserTest" name="Post_UserTest" time="1.270"/>
  <system-out/>
  <testcase classname="ApiTestCases.Post_AddUserTest" name="get_UserId_Test" time="0.002"/>
  <system-out/>
  <testcase classname="ApiTestCases.Post_AddUserTest" name="Validate_Response_Code_201_Test" time="0.006"/>
  <system-out/>
  <testcase classname="ApiTestCases.Post_AddUserTest" name="Validate_Created_FristName_Test" time="0.005"/>
  <system-out/>
</testsuite> <!-- ApiTestCases.Post_AddUserTest -->
