<?xml version="1.0" encoding="UTF-8"?>
<!-- Generated by org.testng.reporters.JUnitReportReporter -->
<testsuite skipped="0" hostname="AS-40" name="ApiTestCases.Get_UserProfile" tests="2" failures="0" timestamp="2023-03-29T09:50:38 EET" time="0.466" errors="0">
  <testcase name="getUserProfile" time="0.463" classname="ApiTestCases.Get_UserProfile"/>
  <system-out/>
  <testcase name="baseTest" time="0.003" classname="ApiTestCases.Get_UserProfile"/>
  <system-out/>
</testsuite> <!-- ApiTestCases.Get_UserProfile -->
