<?xml version="1.0" encoding="UTF-8"?>
<!-- Generated by org.testng.reporters.JUnitReportReporter -->
<testsuite skipped="0" hostname="AS-40" name="ApiTestCases.SerTest" tests="2" failures="0" timestamp="2022-06-05T01:36:10 EET" time="2.063" errors="0">
  <testcase name="serTest1" time="1.864" classname="ApiTestCases.SerTest"/>
  <system-out/>
  <testcase name="baseTest" time="0.199" classname="ApiTestCases.SerTest"/>
  <system-out/>
</testsuite> <!-- ApiTestCases.SerTest -->
