<?xml version="1.0" encoding="UTF-8"?>
<!-- Generated by org.testng.reporters.JUnitReportReporter -->
<testsuite hostname="AS-40" failures="0" tests="4" name="ApiTestCases.Post_AddUserTest" time="1.766" errors="0" timestamp="2023-03-29T14:35:46 EET" skipped="0">
  <testcase classname="ApiTestCases.Post_AddUserTest" name="Post_UserTest" time="1.754"/>
  <system-out/>
  <testcase classname="ApiTestCases.Post_AddUserTest" name="get_UserId_Test" time="0.001"/>
  <system-out/>
  <testcase classname="ApiTestCases.Post_AddUserTest" name="Validate_Response_Code_201_Test" time="0.007"/>
  <system-out/>
  <testcase classname="ApiTestCases.Post_AddUserTest" name="Validate_Created_FristName_Test" time="0.004"/>
  <system-out/>
</testsuite> <!-- ApiTestCases.Post_AddUserTest -->
