<?xml version="1.0" encoding="UTF-8"?>
<!-- Generated by org.testng.reporters.JUnitReportReporter -->
<testsuite skipped="0" hostname="AS-40" name="ApiTestCases.Get_User" tests="3" failures="0" timestamp="2023-03-30T03:57:03 EET" time="0.473" errors="0">
  <testcase name="get_User" time="0.468" classname="ApiTestCases.Get_User"/>
  <system-out/>
  <testcase name="Validate_Response_Code_200_Test" time="0.003" classname="ApiTestCases.Get_User"/>
  <system-out/>
  <testcase name="Validate_Retrived_FristName_Test" time="0.002" classname="ApiTestCases.Get_User"/>
  <system-out/>
</testsuite> <!-- ApiTestCases.Get_User -->
